<?xml version="1.0" encoding="UTF-8"?>
<testsuite name="easyLeetCode.CommonPrefixTest" tests="2" skipped="0" failures="0" errors="0" timestamp="2023-01-02T15:37:55" hostname="dmitrii-VPCF23S1R" time="0.006">
  <properties/>
  <testcase name="longestCommonPrefixWithoutCommonSymbolsTest()" classname="easyLeetCode.CommonPrefixTest" time="0.003"/>
  <testcase name="longestCommonPrefixWithCommonSymbolsTest()" classname="easyLeetCode.CommonPrefixTest" time="0.002"/>
  <system-out><![CDATA[]]></system-out>
  <system-err><![CDATA[]]></system-err>
</testsuite>
