<?xml version="1.0" encoding="UTF-8"?>
<testsuite name="easyLeetCode.FactorialTest" tests="4" skipped="0" failures="0" errors="0" timestamp="2023-01-02T15:37:55" hostname="dmitrii-VPCF23S1R" time="0.012">
  <properties/>
  <testcase name="factWithNumberOnFive()" classname="easyLeetCode.FactorialTest" time="0.002"/>
  <testcase name="factWithNumberOnMaxNumber()" classname="easyLeetCode.FactorialTest" time="0.002"/>
  <testcase name="factOverflow()" classname="easyLeetCode.FactorialTest" time="0.002"/>
  <testcase name="factWithNumberOne()" classname="easyLeetCode.FactorialTest" time="0.001"/>
  <system-out><![CDATA[]]></system-out>
  <system-err><![CDATA[]]></system-err>
</testsuite>
