<?xml version="1.0" encoding="UTF-8"?>
<testsuite name="easyLeetCode.LengthOfLastWordTest" tests="1" skipped="0" failures="0" errors="0" timestamp="2023-01-02T15:37:55" hostname="dmitrii-VPCF23S1R" time="0.001">
  <properties/>
  <testcase name="lengthOfLastWord()" classname="easyLeetCode.LengthOfLastWordTest" time="0.001"/>
  <system-out><![CDATA[]]></system-out>
  <system-err><![CDATA[]]></system-err>
</testsuite>
