<?xml version="1.0" encoding="UTF-8"?>
<testsuite name="easyLeetCode.ClimbingStairsTest" tests="1" skipped="0" failures="0" errors="0" timestamp="2023-01-05T18:43:23" hostname="dmitrii-VPCF23S1R" time="0.027">
  <properties/>
  <testcase name="climbingStairsTest()" classname="easyLeetCode.ClimbingStairsTest" time="0.027"/>
  <system-out><![CDATA[]]></system-out>
  <system-err><![CDATA[]]></system-err>
</testsuite>
