<?xml version="1.0" encoding="UTF-8"?>
<testsuite name="easyLeetCode.ValidParenthesesTest" tests="2" skipped="0" failures="0" errors="0" timestamp="2023-01-02T15:37:55" hostname="dmitrii-VPCF23S1R" time="0.009">
  <properties/>
  <testcase name="isValidTrue()" classname="easyLeetCode.ValidParenthesesTest" time="0.007"/>
  <testcase name="isValidFalse()" classname="easyLeetCode.ValidParenthesesTest" time="0.001"/>
  <system-out><![CDATA[stack [)]
stack [), )]
stack [)]
stack [), ]]
stack [)]
stack [), }]
stack [)]
stack []
stack [)]
stack []
stack [)]
]]></system-out>
  <system-err><![CDATA[]]></system-err>
</testsuite>
